Using pre-set license
Built from '2020.3/staging' branch; Version is '2020.3.18f1 (a7d1c678663c) revision 10998214'; Using compiler version '192528614'; Build Type 'Release'
OS: 'Windows 10 Home; OS build 18363.1198; Version 1909; 64bit' Language: 'es' Physical Memory: 8077 MB
BatchMode: 1, IsHumanControllingUs: 0, StartBugReporterOnCrash: 0, Is64bit: 1, IsPro: 0

COMMAND LINE ARGUMENTS:
C:\Program Files\Unity\Hub\Editor\2020.3.18f1\Editor\Unity.exe
-adb2
-batchMode
-noUpm
-name
AssetImportWorker3
-projectPath
F:/!!Julio/!UOC/Curso 2021-22/Programación de videojuegos en 2D 09-15-2021/Prácticas/PEC1/Un juego de aventuras
-logFile
Logs/AssetImportWorker3.log
-srvPort
49825
Successfully changed project path to: F:/!!Julio/!UOC/Curso 2021-22/Programación de videojuegos en 2D 09-15-2021/Prácticas/PEC1/Un juego de aventuras
F:/!!Julio/!UOC/Curso 2021-22/Programación de videojuegos en 2D 09-15-2021/Prácticas/PEC1/Un juego de aventuras
Using Asset Import Pipeline V2.
Refreshing native plugins compatible for Editor in 49.99 ms, found 3 plugins.
Preloading 0 native plugins for Editor in 0.00 ms.
Initialize engine version: 2020.3.18f1 (a7d1c678663c)
[Subsystems] Discovering subsystems at path C:/Program Files/Unity/Hub/Editor/2020.3.18f1/Editor/Data/Resources/UnitySubsystems
[Subsystems] Discovering subsystems at path F:/!!Julio/!UOC/Curso 2021-22/Programación de videojuegos en 2D 09-15-2021/Prácticas/PEC1/Un juego de aventuras/Assets
GfxDevice: creating device client; threaded=0
Direct3D:
    Version:  Direct3D 11.0 [level 11.1]
    Renderer: NVIDIA GeForce GTX 1050 (ID=0x1c8d)
    Vendor:   
    VRAM:     1977 MB
    Driver:   27.21.14.5763
Initialize mono
Mono path[0] = 'C:/Program Files/Unity/Hub/Editor/2020.3.18f1/Editor/Data/Managed'
Mono path[1] = 'C:/Program Files/Unity/Hub/Editor/2020.3.18f1/Editor/Data/MonoBleedingEdge/lib/mono/unityjit'
Mono config path = 'C:/Program Files/Unity/Hub/Editor/2020.3.18f1/Editor/Data/MonoBleedingEdge/etc'
Using monoOptions --debugger-agent=transport=dt_socket,embedding=1,server=y,suspend=n,address=127.0.0.1:56412
Begin MonoManager ReloadAssembly
Registering precompiled unity dll's ...
Register platform support module: C:/Program Files/Unity/Hub/Editor/2020.3.18f1/Editor/Data/PlaybackEngines/WindowsStandaloneSupport/UnityEditor.WindowsStandalone.Extensions.dll
Registered in 0.002644 seconds.
Native extension for WindowsStandalone target not found
Refreshing native plugins compatible for Editor in 57.40 ms, found 3 plugins.
Preloading 0 native plugins for Editor in 0.00 ms.
Mono: successfully reloaded assembly
- Completed reload, in  1.431 seconds
Domain Reload Profiling:
	ReloadAssembly (1431ms)
		BeginReloadAssembly (88ms)
			ExecutionOrderSort (0ms)
			DisableScriptedObjects (0ms)
			BackupInstance (0ms)
			ReleaseScriptingObjects (0ms)
			CreateAndSetChildDomain (1ms)
		EndReloadAssembly (528ms)
			LoadAssemblies (84ms)
			RebuildTransferFunctionScriptingTraits (0ms)
			SetupTypeCache (200ms)
			ReleaseScriptCaches (0ms)
			RebuildScriptCaches (41ms)
			SetupLoadedEditorAssemblies (204ms)
				LogAssemblyErrors (0ms)
				InitializePlatformSupportModulesInManaged (5ms)
				SetLoadedEditorAssemblies (0ms)
				RefreshPlugins (57ms)
				BeforeProcessingInitializeOnLoad (13ms)
				ProcessInitializeOnLoadAttributes (93ms)
				ProcessInitializeOnLoadMethodAttributes (36ms)
				AfterProcessingInitializeOnLoad (0ms)
				EditorAssembliesLoaded (0ms)
			ExecutionOrderSort2 (0ms)
			AwakeInstancesAfterBackupRestoration (0ms)
Platform modules already initialized, skipping
Registering precompiled user dll's ...
Registered in 0.003102 seconds.
Begin MonoManager ReloadAssembly
Native extension for WindowsStandalone target not found
Refreshing native plugins compatible for Editor in 48.31 ms, found 3 plugins.
Preloading 0 native plugins for Editor in 0.00 ms.
Mono: successfully reloaded assembly
- Completed reload, in  2.335 seconds
Domain Reload Profiling:
	ReloadAssembly (2336ms)
		BeginReloadAssembly (182ms)
			ExecutionOrderSort (0ms)
			DisableScriptedObjects (5ms)
			BackupInstance (0ms)
			ReleaseScriptingObjects (0ms)
			CreateAndSetChildDomain (28ms)
		EndReloadAssembly (2067ms)
			LoadAssemblies (841ms)
			RebuildTransferFunctionScriptingTraits (0ms)
			SetupTypeCache (372ms)
			ReleaseScriptCaches (0ms)
			RebuildScriptCaches (58ms)
			SetupLoadedEditorAssemblies (641ms)
				LogAssemblyErrors (0ms)
				InitializePlatformSupportModulesInManaged (4ms)
				SetLoadedEditorAssemblies (0ms)
				RefreshPlugins (48ms)
				BeforeProcessingInitializeOnLoad (148ms)
				ProcessInitializeOnLoadAttributes (403ms)
				ProcessInitializeOnLoadMethodAttributes (30ms)
				AfterProcessingInitializeOnLoad (7ms)
				EditorAssembliesLoaded (0ms)
			ExecutionOrderSort2 (0ms)
			AwakeInstancesAfterBackupRestoration (7ms)
Platform modules already initialized, skipping
========================================================================
Worker process is ready to serve import requests
Launched and connected shader compiler UnityShaderCompiler.exe after 0.69 seconds
Refreshing native plugins compatible for Editor in 0.49 ms, found 3 plugins.
Preloading 0 native plugins for Editor in 0.00 ms.
Unloading 2098 Unused Serialized files (Serialized files now loaded: 0)
System memory in use before: 94.3 MB.
System memory in use after: 94.3 MB.

Unloading 26 unused Assets to reduce memory usage. Loaded Objects now: 2539.
Total: 3.790900 ms (FindLiveObjects: 0.369900 ms CreateObjectMapping: 0.167400 ms MarkObjects: 3.137300 ms  DeleteObjects: 0.115300 ms)

AssetImportParameters requested are different than current active one (requested -> active):
  custom:framework-win-MediaFoundation: 216162199b28c13a410421893ffa2e32 -> 
  custom:video-decoder-ogg-theora: a1e56fd34408186e4bbccfd4996cb3dc -> 
  custom:container-muxer-webm: aa71ff27fc2769a1b78a27578f13a17b -> 
  custom:container-demuxer-webm: 4f35f7cbe854078d1ac9338744f61a02 -> 
  custom:container-demuxer-ogg: 62fdf1f143b41e24485cea50d1cbac27 -> 
  custom:video-encoder-webm-vp8: eb34c28f22e8b96e1ab97ce403110664 -> 
  custom:video-codec-MediaFoundation-h265: 746d11721c4dcdbdad8f713fa42b33f4 -> 
  custom:video-decoder-webm-vp8: 9c59270c3fd7afecdb556c50c9e8de78 -> 
  custom:audio-decoder-ogg-vorbis: bf7c407c2cedff20999df2af8eb42d56 -> 
  custom:audio-encoder-webm-vorbis: bf7c407c2cedff20999df2af8eb42d56 -> 
========================================================================
Received Import Request.
  path: Assets/Sprites/cartoon-forest-game-backgrounds/TXT
  artifactKey: Guid(665c0a7182111f94e97a2b4da6865d4d) Importer(815301076,1909f56bfc062723c751e8b465ee728b)
Start importing Assets/Sprites/cartoon-forest-game-backgrounds/TXT using Guid(665c0a7182111f94e97a2b4da6865d4d) Importer(815301076,1909f56bfc062723c751e8b465ee728b)  -> (artifact id: 'f365488b8aad2d40a59df0a5da9a3f1e') in 0.141501 seconds 
  Import took 0.201075 seconds .

========================================================================
Received Import Request.
  Time since last request: 115.611256 seconds.
  path: Assets/Audio
  artifactKey: Guid(1618c35bdb662a84ba21aeb90643b642) Importer(815301076,1909f56bfc062723c751e8b465ee728b)
Start importing Assets/Audio using Guid(1618c35bdb662a84ba21aeb90643b642) Importer(815301076,1909f56bfc062723c751e8b465ee728b)  -> (artifact id: '08786a8eee18cc9b871b7cca451db073') in 0.029935 seconds 
  Import took 0.058584 seconds .

========================================================================
Received Import Request.
  Time since last request: 209.649617 seconds.
  path: Assets/Audio/bag_1.wav
  artifactKey: Guid(9bad17c1e9d4e2d48a956447462f395d) Importer(815301076,1909f56bfc062723c751e8b465ee728b)
Start importing Assets/Audio/bag_1.wav using Guid(9bad17c1e9d4e2d48a956447462f395d) Importer(815301076,1909f56bfc062723c751e8b465ee728b)  -> (artifact id: '86accd7f86530c38c0afac847ee66f87') in 1.512166 seconds 
  Import took 1.538607 seconds .

========================================================================
Received Import Request.
  Time since last request: 0.000300 seconds.
  path: Assets/Audio/campfire_2.wav
  artifactKey: Guid(c7ff46fe90849c048926a4bfbb4785e0) Importer(815301076,1909f56bfc062723c751e8b465ee728b)
Start importing Assets/Audio/campfire_2.wav using Guid(c7ff46fe90849c048926a4bfbb4785e0) Importer(815301076,1909f56bfc062723c751e8b465ee728b)  -> (artifact id: '8bbd7994499d0abf95e0a7dd56a7861b') in 0.040100 seconds 
  Import took 0.057439 seconds .

========================================================================
Received Import Request.
  Time since last request: 0.000302 seconds.
  path: Assets/Audio/skull_hit_3.wav
  artifactKey: Guid(6c339548f188b854b9bdfa44e4f73c59) Importer(815301076,1909f56bfc062723c751e8b465ee728b)
Start importing Assets/Audio/skull_hit_3.wav using Guid(6c339548f188b854b9bdfa44e4f73c59) Importer(815301076,1909f56bfc062723c751e8b465ee728b)  -> (artifact id: 'bc4122adac6dfc43185b0dfbe2104ee9') in 0.043556 seconds 
  Import took 0.088485 seconds .

========================================================================
Received Import Request.
  Time since last request: 0.000288 seconds.
  path: Assets/Audio/fall.wav
  artifactKey: Guid(23f999e2d86e1ba4bbdd28306992beae) Importer(815301076,1909f56bfc062723c751e8b465ee728b)
Start importing Assets/Audio/fall.wav using Guid(23f999e2d86e1ba4bbdd28306992beae) Importer(815301076,1909f56bfc062723c751e8b465ee728b)  -> (artifact id: 'ba0c9ea97cd3a59e4195585c422c2feb') in 0.061957 seconds 
  Import took 0.075359 seconds .

========================================================================
Received Import Request.
  Time since last request: 0.000258 seconds.
  path: Assets/Audio/doorwood_close.wav
  artifactKey: Guid(db18cfa0f8bb2474896629c9a89bc65d) Importer(815301076,1909f56bfc062723c751e8b465ee728b)
Start importing Assets/Audio/doorwood_close.wav using Guid(db18cfa0f8bb2474896629c9a89bc65d) Importer(815301076,1909f56bfc062723c751e8b465ee728b)  -> (artifact id: '5608d09614b5e1a1028eafb991ecdf1e') in 0.122343 seconds 
  Import took 0.142173 seconds .

========================================================================
Received Import Request.
  Time since last request: 0.000307 seconds.
  path: Assets/Audio/fire.wav
  artifactKey: Guid(3afe330c70ca2304f84ef2bb730a3764) Importer(815301076,1909f56bfc062723c751e8b465ee728b)
Start importing Assets/Audio/fire.wav using Guid(3afe330c70ca2304f84ef2bb730a3764) Importer(815301076,1909f56bfc062723c751e8b465ee728b)  -> (artifact id: 'e370a3097448ff6dff2505d3e437a034') in 0.095042 seconds 
  Import took 0.111906 seconds .

========================================================================
Received Import Request.
  Time since last request: 0.000467 seconds.
  path: Assets/Audio/door_ripped_2.wav
  artifactKey: Guid(95277bd51920e4f4d8c6bdd5ad04ca0a) Importer(815301076,1909f56bfc062723c751e8b465ee728b)
Start importing Assets/Audio/door_ripped_2.wav using Guid(95277bd51920e4f4d8c6bdd5ad04ca0a) Importer(815301076,1909f56bfc062723c751e8b465ee728b)  -> (artifact id: '75383c3e55abaa99d1f37d9da7346050') in 0.094418 seconds 
  Import took 0.098490 seconds .

========================================================================
Received Import Request.
  Time since last request: 0.000416 seconds.
  path: Assets/Audio/gold.wav
  artifactKey: Guid(1625a397394f38a499012031410e4068) Importer(815301076,1909f56bfc062723c751e8b465ee728b)
Start importing Assets/Audio/gold.wav using Guid(1625a397394f38a499012031410e4068) Importer(815301076,1909f56bfc062723c751e8b465ee728b)  -> (artifact id: '9372a657929f04c2a381b235a4c81801') in 0.078758 seconds 
  Import took 0.097438 seconds .

========================================================================
Received Import Request.
  Time since last request: 0.000304 seconds.
  path: Assets/Audio/bag_2.wav
  artifactKey: Guid(7e685107fe5a770408725720bf206346) Importer(815301076,1909f56bfc062723c751e8b465ee728b)
Start importing Assets/Audio/bag_2.wav using Guid(7e685107fe5a770408725720bf206346) Importer(815301076,1909f56bfc062723c751e8b465ee728b)  -> (artifact id: 'f1e7af1daf68dce5071cd8c35f654e22') in 0.020834 seconds 
  Import took 0.036107 seconds .

========================================================================
Received Import Request.
  Time since last request: 0.000331 seconds.
  path: Assets/Audio/skull_hit_2.wav
  artifactKey: Guid(96753918b06de664fa78025257783d20) Importer(815301076,1909f56bfc062723c751e8b465ee728b)
Start importing Assets/Audio/skull_hit_2.wav using Guid(96753918b06de664fa78025257783d20) Importer(815301076,1909f56bfc062723c751e8b465ee728b)  -> (artifact id: '339f56187522d02d2c67b37e5fc7cf85') in 0.081512 seconds 
  Import took 0.105795 seconds .

========================================================================
Received Import Request.
  Time since last request: 0.000418 seconds.
  path: Assets/Audio/sword_sheath_2.wav
  artifactKey: Guid(672da32e71b54f648a674bcf6c53d6ac) Importer(815301076,1909f56bfc062723c751e8b465ee728b)
Start importing Assets/Audio/sword_sheath_2.wav using Guid(672da32e71b54f648a674bcf6c53d6ac) Importer(815301076,1909f56bfc062723c751e8b465ee728b)  -> (artifact id: '421434ab04ca3422babe7060427f4d0a') in 0.117970 seconds 
  Import took 0.145847 seconds .

========================================================================
Received Import Request.
  Time since last request: 0.000358 seconds.
  path: Assets/Audio/splash.wav
  artifactKey: Guid(21d9c44d602f229499632b3d94b48831) Importer(815301076,1909f56bfc062723c751e8b465ee728b)
Start importing Assets/Audio/splash.wav using Guid(21d9c44d602f229499632b3d94b48831) Importer(815301076,1909f56bfc062723c751e8b465ee728b)  -> (artifact id: 'b1d6529393cae0c68d96a3c26dcb09c8') in 0.071848 seconds 
  Import took 0.094908 seconds .

========================================================================
Received Import Request.
  Time since last request: 0.000304 seconds.
  path: Assets/Audio/skull_hit_1.wav
  artifactKey: Guid(5f5a6cf6b7b36c74f9af04ca3a9782b9) Importer(815301076,1909f56bfc062723c751e8b465ee728b)
Start importing Assets/Audio/skull_hit_1.wav using Guid(5f5a6cf6b7b36c74f9af04ca3a9782b9) Importer(815301076,1909f56bfc062723c751e8b465ee728b)  -> (artifact id: '0e6ccc43f16e6c5f274b9377ed327b8e') in 0.020347 seconds 
  Import took 0.054653 seconds .

========================================================================
Received Import Request.
  Time since last request: 0.000332 seconds.
  path: Assets/Audio/hit_1.wav
  artifactKey: Guid(071d5653925e80741b3f9c6f56ba6b00) Importer(815301076,1909f56bfc062723c751e8b465ee728b)
Start importing Assets/Audio/hit_1.wav using Guid(071d5653925e80741b3f9c6f56ba6b00) Importer(815301076,1909f56bfc062723c751e8b465ee728b)  -> (artifact id: '28f25f301bcfb409d50cd32b76397f7a') in 0.024028 seconds 
  Import took 0.050536 seconds .

========================================================================
Received Import Request.
  Time since last request: 0.000363 seconds.
  path: Assets/Audio/click_1.wav
  artifactKey: Guid(8140d29761871684f83e5a3f592a61b1) Importer(815301076,1909f56bfc062723c751e8b465ee728b)
Start importing Assets/Audio/click_1.wav using Guid(8140d29761871684f83e5a3f592a61b1) Importer(815301076,1909f56bfc062723c751e8b465ee728b)  -> (artifact id: '15ea9c0d608bb7cdb2a4da45b7d4919c') in 0.064487 seconds 
  Import took 0.083945 seconds .

========================================================================
Received Import Request.
  Time since last request: 0.000305 seconds.
  path: Assets/Audio/hit_3.wav
  artifactKey: Guid(d43ad333f1c1b5645977ecc42335de4b) Importer(815301076,1909f56bfc062723c751e8b465ee728b)
Start importing Assets/Audio/hit_3.wav using Guid(d43ad333f1c1b5645977ecc42335de4b) Importer(815301076,1909f56bfc062723c751e8b465ee728b)  -> (artifact id: '3384091c6e5afba13afda24a94d7d8b6') in 0.025694 seconds 
  Import took 0.029480 seconds .

========================================================================
Received Import Request.
  Time since last request: 0.000385 seconds.
  path: Assets/Audio/click_2.wav
  artifactKey: Guid(ad8fc407e4e203643b20a87726a3b85c) Importer(815301076,1909f56bfc062723c751e8b465ee728b)
Start importing Assets/Audio/click_2.wav using Guid(ad8fc407e4e203643b20a87726a3b85c) Importer(815301076,1909f56bfc062723c751e8b465ee728b)  -> (artifact id: 'dec00770abe99a59c3d09d8355caf27c') in 0.092730 seconds 
  Import took 0.122235 seconds .

========================================================================
Received Import Request.
  Time since last request: 0.000439 seconds.
  path: Assets/Audio/fire_2.wav
  artifactKey: Guid(0f84f4ff524a3074e9160d08b9cb59db) Importer(815301076,1909f56bfc062723c751e8b465ee728b)
Start importing Assets/Audio/fire_2.wav using Guid(0f84f4ff524a3074e9160d08b9cb59db) Importer(815301076,1909f56bfc062723c751e8b465ee728b)  -> (artifact id: 'db8a3ddf8d9f7da8fe338d4d116d01ac') in 0.137329 seconds 
  Import took 0.162007 seconds .

========================================================================
Received Import Request.
  Time since last request: 0.000320 seconds.
  path: Assets/Audio/doorwood_open.wav
  artifactKey: Guid(3a49649d7c66e2e46875e28e60c6652b) Importer(815301076,1909f56bfc062723c751e8b465ee728b)
Start importing Assets/Audio/doorwood_open.wav using Guid(3a49649d7c66e2e46875e28e60c6652b) Importer(815301076,1909f56bfc062723c751e8b465ee728b)  -> (artifact id: 'e735bc78aa52cfb642f47c51d8a409f7') in 0.062598 seconds 
  Import took 0.077178 seconds .

========================================================================
Received Import Request.
  Time since last request: 0.000322 seconds.
  path: Assets/Audio/skull_hit_4.wav
  artifactKey: Guid(d1f080344f6b5c74e93a4f89f34ae3b9) Importer(815301076,1909f56bfc062723c751e8b465ee728b)
Start importing Assets/Audio/skull_hit_4.wav using Guid(d1f080344f6b5c74e93a4f89f34ae3b9) Importer(815301076,1909f56bfc062723c751e8b465ee728b)  -> (artifact id: '3980477845382249f67398c6f47ba900') in 0.059941 seconds 
  Import took 0.083659 seconds .

========================================================================
Received Import Request.
  Time since last request: 0.000336 seconds.
  path: Assets/Audio/door_ripped_1.wav
  artifactKey: Guid(bb9d81400e331fb49badf03eb653a880) Importer(815301076,1909f56bfc062723c751e8b465ee728b)
Start importing Assets/Audio/door_ripped_1.wav using Guid(bb9d81400e331fb49badf03eb653a880) Importer(815301076,1909f56bfc062723c751e8b465ee728b)  -> (artifact id: 'dab4d24019e00131601036e25a9a9e13') in 0.087934 seconds 
  Import took 0.105408 seconds .

========================================================================
Received Import Request.
  Time since last request: 0.000342 seconds.
  path: Assets/Audio/sword_sheath_1.wav
  artifactKey: Guid(6752becef14b8554f8366f5c83375e83) Importer(815301076,1909f56bfc062723c751e8b465ee728b)
Start importing Assets/Audio/sword_sheath_1.wav using Guid(6752becef14b8554f8366f5c83375e83) Importer(815301076,1909f56bfc062723c751e8b465ee728b)  -> (artifact id: '1c5af7912fbcbad714f6cde2f7830382') in 0.021310 seconds 
  Import took 0.051221 seconds .

========================================================================
Received Import Request.
  Time since last request: 0.000338 seconds.
  path: Assets/Audio/campfire.wav
  artifactKey: Guid(17b2ea7712dfb2e48b7462b37c15930e) Importer(815301076,1909f56bfc062723c751e8b465ee728b)
Start importing Assets/Audio/campfire.wav using Guid(17b2ea7712dfb2e48b7462b37c15930e) Importer(815301076,1909f56bfc062723c751e8b465ee728b)  -> (artifact id: 'df77aed6562301f216b438810a3a61c9') in 0.087734 seconds 
  Import took 0.101302 seconds .

========================================================================
Received Import Request.
  Time since last request: 0.000331 seconds.
  path: Assets/Audio/hit_2.wav
  artifactKey: Guid(4130086c33dddfd44a57bebd7ded09b9) Importer(815301076,1909f56bfc062723c751e8b465ee728b)
Start importing Assets/Audio/hit_2.wav using Guid(4130086c33dddfd44a57bebd7ded09b9) Importer(815301076,1909f56bfc062723c751e8b465ee728b)  -> (artifact id: '4d8082eff918da5aa04164f0e95b7e9f') in 0.020443 seconds 
  Import took 0.056227 seconds .

========================================================================
Received Import Request.
  Time since last request: 16.475808 seconds.
  path: Assets/Audio/NewAudioMixer.mixer
  artifactKey: Guid(b27305b4150fb8b489ae4f91d34dee64) Importer(815301076,1909f56bfc062723c751e8b465ee728b)
Start importing Assets/Audio/NewAudioMixer.mixer using Guid(b27305b4150fb8b489ae4f91d34dee64) Importer(815301076,1909f56bfc062723c751e8b465ee728b)  -> (artifact id: '29a73d5e991d4310ef2d161b58fa94f2') in 0.080357 seconds 
  Import took 0.119232 seconds .

========================================================================
Received Import Request.
  Time since last request: 582.671297 seconds.
  path: Assets/Audio/sword_clash.1.ogg
  artifactKey: Guid(6d954c3fa198982429148f3947ba8f4a) Importer(815301076,1909f56bfc062723c751e8b465ee728b)
Start importing Assets/Audio/sword_clash.1.ogg using Guid(6d954c3fa198982429148f3947ba8f4a) Importer(815301076,1909f56bfc062723c751e8b465ee728b)  -> (artifact id: 'd208f907699c507388294c3e878584ef') in 0.716722 seconds 
  Import took 0.728997 seconds .

========================================================================
Received Import Request.
  Time since last request: 0.000344 seconds.
  path: Assets/Audio/sword_clash.7.ogg
  artifactKey: Guid(75fcc66c5d40af2438b59b8bbfc36875) Importer(815301076,1909f56bfc062723c751e8b465ee728b)
Start importing Assets/Audio/sword_clash.7.ogg using Guid(75fcc66c5d40af2438b59b8bbfc36875) Importer(815301076,1909f56bfc062723c751e8b465ee728b)  -> (artifact id: 'd9ea4eeee93d63265c7304a5d060d019') in 0.063188 seconds 
  Import took 0.083974 seconds .

========================================================================
Received Import Request.
  Time since last request: 0.000399 seconds.
  path: Assets/Audio/sword_clash.3.ogg
  artifactKey: Guid(fda6299414b05124bbbf41f2a4120ba0) Importer(815301076,1909f56bfc062723c751e8b465ee728b)
Start importing Assets/Audio/sword_clash.3.ogg using Guid(fda6299414b05124bbbf41f2a4120ba0) Importer(815301076,1909f56bfc062723c751e8b465ee728b)  -> (artifact id: 'c207c159054ef769a19f026fd48c3716') in 0.158942 seconds 
  Import took 0.188294 seconds .

========================================================================
Received Import Request.
  Time since last request: 0.000399 seconds.
  path: Assets/Audio/sword_clash.4.ogg
  artifactKey: Guid(82a1bc487a94df349b93b2980daa7ef6) Importer(815301076,1909f56bfc062723c751e8b465ee728b)
Start importing Assets/Audio/sword_clash.4.ogg using Guid(82a1bc487a94df349b93b2980daa7ef6) Importer(815301076,1909f56bfc062723c751e8b465ee728b)  -> (artifact id: 'b31685b5f03f9ccc2704b387cea40815') in 0.088935 seconds 
  Import took 0.111174 seconds .

========================================================================
Received Import Request.
  Time since last request: 0.000345 seconds.
  path: Assets/Audio/sword_clash.5.ogg
  artifactKey: Guid(07951e24a5f6f04409ff5499d3e0e181) Importer(815301076,1909f56bfc062723c751e8b465ee728b)
Start importing Assets/Audio/sword_clash.5.ogg using Guid(07951e24a5f6f04409ff5499d3e0e181) Importer(815301076,1909f56bfc062723c751e8b465ee728b)  -> (artifact id: '5ad55ca9f4f323b8249ee638f5e134b3') in 0.075539 seconds 
  Import took 0.101014 seconds .

========================================================================
Received Import Request.
  Time since last request: 0.000452 seconds.
  path: Assets/Audio/sword_clash.6.ogg
  artifactKey: Guid(6ceffaa0e91b1bf43a70905af05573ec) Importer(815301076,1909f56bfc062723c751e8b465ee728b)
Start importing Assets/Audio/sword_clash.6.ogg using Guid(6ceffaa0e91b1bf43a70905af05573ec) Importer(815301076,1909f56bfc062723c751e8b465ee728b)  -> (artifact id: 'e1ece1a81d0bd862ea328381de6b7445') in 0.147217 seconds 
  Import took 0.151666 seconds .

========================================================================
Received Import Request.
  Time since last request: 0.000399 seconds.
  path: Assets/Audio/sword_clash.8.ogg
  artifactKey: Guid(e07f09034182c7b49b5147d9e28bc97f) Importer(815301076,1909f56bfc062723c751e8b465ee728b)
Start importing Assets/Audio/sword_clash.8.ogg using Guid(e07f09034182c7b49b5147d9e28bc97f) Importer(815301076,1909f56bfc062723c751e8b465ee728b)  -> (artifact id: 'aeffe133bc1b69bc9c3056199250d2aa') in 0.031286 seconds 
  Import took 0.049177 seconds .

========================================================================
Received Import Request.
  Time since last request: 0.000341 seconds.
  path: Assets/Audio/sword_clash.9.ogg
  artifactKey: Guid(3036362ea3acc014484b8d79aaa88e0a) Importer(815301076,1909f56bfc062723c751e8b465ee728b)
Start importing Assets/Audio/sword_clash.9.ogg using Guid(3036362ea3acc014484b8d79aaa88e0a) Importer(815301076,1909f56bfc062723c751e8b465ee728b)  -> (artifact id: '5f4a856f245c42e7f3fcba656e9838d6') in 0.061026 seconds 
  Import took 0.078361 seconds .

========================================================================
Received Import Request.
  Time since last request: 0.000347 seconds.
  path: Assets/Audio/sword_clash.2.ogg
  artifactKey: Guid(21ae7db77b2a48b469c1bcc1a3524b01) Importer(815301076,1909f56bfc062723c751e8b465ee728b)
Start importing Assets/Audio/sword_clash.2.ogg using Guid(21ae7db77b2a48b469c1bcc1a3524b01) Importer(815301076,1909f56bfc062723c751e8b465ee728b)  -> (artifact id: 'cdec0f12b5a93c24b1703040b16ad279') in 0.083955 seconds 
  Import took 0.111817 seconds .

========================================================================
Received Import Request.
  Time since last request: 0.000333 seconds.
  path: Assets/Audio/sword_clash.10.ogg
  artifactKey: Guid(11510c44dcebe484daa2086b43721470) Importer(815301076,1909f56bfc062723c751e8b465ee728b)
Start importing Assets/Audio/sword_clash.10.ogg using Guid(11510c44dcebe484daa2086b43721470) Importer(815301076,1909f56bfc062723c751e8b465ee728b)  -> (artifact id: '44995279b1be9120afbdd749519b1d0e') in 0.157625 seconds 
  Import took 0.162127 seconds .

========================================================================
Received Import Request.
  Time since last request: 162.017786 seconds.
  path: Assets/Animations/CharacterController.controller
  artifactKey: Guid(5d4025f44356f8f459cac14fe040a9e1) Importer(815301076,1909f56bfc062723c751e8b465ee728b)
Start importing Assets/Animations/CharacterController.controller using Guid(5d4025f44356f8f459cac14fe040a9e1) Importer(815301076,1909f56bfc062723c751e8b465ee728b)  -> (artifact id: '9efd839e6567f329172ad437efb7ee28') in 0.677889 seconds 
  Import took 0.683022 seconds .

========================================================================
Received Prepare
Registering precompiled user dll's ...
Registered in 0.104088 seconds.
Begin MonoManager ReloadAssembly
Native extension for WindowsStandalone target not found
Refreshing native plugins compatible for Editor in 0.76 ms, found 3 plugins.
Preloading 0 native plugins for Editor in 0.00 ms.
Mono: successfully reloaded assembly
- Completed reload, in  2.497 seconds
Domain Reload Profiling:
	ReloadAssembly (2499ms)
		BeginReloadAssembly (412ms)
			ExecutionOrderSort (0ms)
			DisableScriptedObjects (17ms)
			BackupInstance (0ms)
			ReleaseScriptingObjects (0ms)
			CreateAndSetChildDomain (223ms)
		EndReloadAssembly (1994ms)
			LoadAssemblies (436ms)
			RebuildTransferFunctionScriptingTraits (0ms)
			SetupTypeCache (841ms)
			ReleaseScriptCaches (1ms)
			RebuildScriptCaches (53ms)
			SetupLoadedEditorAssemblies (435ms)
				LogAssemblyErrors (0ms)
				InitializePlatformSupportModulesInManaged (51ms)
				SetLoadedEditorAssemblies (1ms)
				RefreshPlugins (1ms)
				BeforeProcessingInitializeOnLoad (112ms)
				ProcessInitializeOnLoadAttributes (253ms)
				ProcessInitializeOnLoadMethodAttributes (8ms)
				AfterProcessingInitializeOnLoad (8ms)
				EditorAssembliesLoaded (0ms)
			ExecutionOrderSort2 (0ms)
			AwakeInstancesAfterBackupRestoration (26ms)
Platform modules already initialized, skipping
Refreshing native plugins compatible for Editor in 0.57 ms, found 3 plugins.
Preloading 0 native plugins for Editor in 0.00 ms.
Unloading 2088 Unused Serialized files (Serialized files now loaded: 0)
System memory in use before: 96.7 MB.
System memory in use after: 96.9 MB.

Unloading 14 unused Assets to reduce memory usage. Loaded Objects now: 2551.
Total: 3.231100 ms (FindLiveObjects: 0.215600 ms CreateObjectMapping: 0.083600 ms MarkObjects: 2.877200 ms  DeleteObjects: 0.053800 ms)

AssetImportParameters requested are different than current active one (requested -> active):
  custom:framework-win-MediaFoundation: 216162199b28c13a410421893ffa2e32 -> 
  custom:video-decoder-ogg-theora: a1e56fd34408186e4bbccfd4996cb3dc -> 
  custom:container-muxer-webm: aa71ff27fc2769a1b78a27578f13a17b -> 
  custom:container-demuxer-webm: 4f35f7cbe854078d1ac9338744f61a02 -> 
  custom:container-demuxer-ogg: 62fdf1f143b41e24485cea50d1cbac27 -> 
  custom:video-encoder-webm-vp8: eb34c28f22e8b96e1ab97ce403110664 -> 
  custom:video-codec-MediaFoundation-h265: 746d11721c4dcdbdad8f713fa42b33f4 -> 
  custom:video-decoder-webm-vp8: 9c59270c3fd7afecdb556c50c9e8de78 -> 
  custom:audio-decoder-ogg-vorbis: bf7c407c2cedff20999df2af8eb42d56 -> 
  custom:audio-encoder-webm-vorbis: bf7c407c2cedff20999df2af8eb42d56 -> 
========================================================================
Received Import Request.
  Time since last request: 580.515491 seconds.
  path: Assets/Animations/DeathAnimation.anim
  artifactKey: Guid(8f57a8164d3be1d4b86a5402bee3b5b4) Importer(815301076,1909f56bfc062723c751e8b465ee728b)
Start importing Assets/Animations/DeathAnimation.anim using Guid(8f57a8164d3be1d4b86a5402bee3b5b4) Importer(815301076,1909f56bfc062723c751e8b465ee728b)  -> (artifact id: '644e09dcf962f9f6e3f26addd8a62ff6') in 0.114336 seconds 
  Import took 0.123299 seconds .

========================================================================
Received Prepare
Registering precompiled user dll's ...
Registered in 0.005048 seconds.
Begin MonoManager ReloadAssembly
Native extension for WindowsStandalone target not found
Refreshing native plugins compatible for Editor in 0.58 ms, found 3 plugins.
Preloading 0 native plugins for Editor in 0.00 ms.
Mono: successfully reloaded assembly
- Completed reload, in  1.386 seconds
Domain Reload Profiling:
	ReloadAssembly (1387ms)
		BeginReloadAssembly (143ms)
			ExecutionOrderSort (0ms)
			DisableScriptedObjects (10ms)
			BackupInstance (0ms)
			ReleaseScriptingObjects (0ms)
			CreateAndSetChildDomain (49ms)
		EndReloadAssembly (1165ms)
			LoadAssemblies (106ms)
			RebuildTransferFunctionScriptingTraits (0ms)
			SetupTypeCache (392ms)
			ReleaseScriptCaches (1ms)
			RebuildScriptCaches (53ms)
			SetupLoadedEditorAssemblies (478ms)
				LogAssemblyErrors (0ms)
				InitializePlatformSupportModulesInManaged (7ms)
				SetLoadedEditorAssemblies (1ms)
				RefreshPlugins (1ms)
				BeforeProcessingInitializeOnLoad (140ms)
				ProcessInitializeOnLoadAttributes (308ms)
				ProcessInitializeOnLoadMethodAttributes (11ms)
				AfterProcessingInitializeOnLoad (9ms)
				EditorAssembliesLoaded (0ms)
			ExecutionOrderSort2 (0ms)
			AwakeInstancesAfterBackupRestoration (13ms)
Platform modules already initialized, skipping
Refreshing native plugins compatible for Editor in 0.52 ms, found 3 plugins.
Preloading 0 native plugins for Editor in 0.00 ms.
Unloading 2088 Unused Serialized files (Serialized files now loaded: 0)
System memory in use before: 96.8 MB.
System memory in use after: 96.9 MB.

Unloading 14 unused Assets to reduce memory usage. Loaded Objects now: 2554.
Total: 3.229800 ms (FindLiveObjects: 0.206800 ms CreateObjectMapping: 0.071200 ms MarkObjects: 2.933100 ms  DeleteObjects: 0.017800 ms)

AssetImportParameters requested are different than current active one (requested -> active):
  custom:framework-win-MediaFoundation: 216162199b28c13a410421893ffa2e32 -> 
  custom:video-decoder-ogg-theora: a1e56fd34408186e4bbccfd4996cb3dc -> 
  custom:container-muxer-webm: aa71ff27fc2769a1b78a27578f13a17b -> 
  custom:container-demuxer-webm: 4f35f7cbe854078d1ac9338744f61a02 -> 
  custom:container-demuxer-ogg: 62fdf1f143b41e24485cea50d1cbac27 -> 
  custom:video-encoder-webm-vp8: eb34c28f22e8b96e1ab97ce403110664 -> 
  custom:video-codec-MediaFoundation-h265: 746d11721c4dcdbdad8f713fa42b33f4 -> 
  custom:video-decoder-webm-vp8: 9c59270c3fd7afecdb556c50c9e8de78 -> 
  custom:audio-decoder-ogg-vorbis: bf7c407c2cedff20999df2af8eb42d56 -> 
  custom:audio-encoder-webm-vorbis: bf7c407c2cedff20999df2af8eb42d56 -> 
========================================================================
Received Prepare
Registering precompiled user dll's ...
Registered in 0.003027 seconds.
Begin MonoManager ReloadAssembly
Native extension for WindowsStandalone target not found
Refreshing native plugins compatible for Editor in 0.53 ms, found 3 plugins.
Preloading 0 native plugins for Editor in 0.00 ms.
Mono: successfully reloaded assembly
- Completed reload, in  1.185 seconds
Domain Reload Profiling:
	ReloadAssembly (1186ms)
		BeginReloadAssembly (131ms)
			ExecutionOrderSort (0ms)
			DisableScriptedObjects (7ms)
			BackupInstance (0ms)
			ReleaseScriptingObjects (0ms)
			CreateAndSetChildDomain (50ms)
		EndReloadAssembly (985ms)
			LoadAssemblies (99ms)
			RebuildTransferFunctionScriptingTraits (0ms)
			SetupTypeCache (340ms)
			ReleaseScriptCaches (1ms)
			RebuildScriptCaches (54ms)
			SetupLoadedEditorAssemblies (370ms)
				LogAssemblyErrors (0ms)
				InitializePlatformSupportModulesInManaged (5ms)
				SetLoadedEditorAssemblies (0ms)
				RefreshPlugins (1ms)
				BeforeProcessingInitializeOnLoad (125ms)
				ProcessInitializeOnLoadAttributes (224ms)
				ProcessInitializeOnLoadMethodAttributes (6ms)
				AfterProcessingInitializeOnLoad (8ms)
				EditorAssembliesLoaded (0ms)
			ExecutionOrderSort2 (0ms)
			AwakeInstancesAfterBackupRestoration (12ms)
Platform modules already initialized, skipping
Refreshing native plugins compatible for Editor in 0.60 ms, found 3 plugins.
Preloading 0 native plugins for Editor in 0.00 ms.
Unloading 2088 Unused Serialized files (Serialized files now loaded: 0)
System memory in use before: 96.8 MB.
System memory in use after: 96.9 MB.

Unloading 14 unused Assets to reduce memory usage. Loaded Objects now: 2557.
Total: 25.766500 ms (FindLiveObjects: 22.527700 ms CreateObjectMapping: 0.233100 ms MarkObjects: 2.965700 ms  DeleteObjects: 0.038600 ms)

AssetImportParameters requested are different than current active one (requested -> active):
  custom:framework-win-MediaFoundation: 216162199b28c13a410421893ffa2e32 -> 
  custom:video-decoder-ogg-theora: a1e56fd34408186e4bbccfd4996cb3dc -> 
  custom:container-muxer-webm: aa71ff27fc2769a1b78a27578f13a17b -> 
  custom:container-demuxer-webm: 4f35f7cbe854078d1ac9338744f61a02 -> 
  custom:container-demuxer-ogg: 62fdf1f143b41e24485cea50d1cbac27 -> 
  custom:video-encoder-webm-vp8: eb34c28f22e8b96e1ab97ce403110664 -> 
  custom:video-codec-MediaFoundation-h265: 746d11721c4dcdbdad8f713fa42b33f4 -> 
  custom:video-decoder-webm-vp8: 9c59270c3fd7afecdb556c50c9e8de78 -> 
  custom:audio-decoder-ogg-vorbis: bf7c407c2cedff20999df2af8eb42d56 -> 
  custom:audio-encoder-webm-vorbis: bf7c407c2cedff20999df2af8eb42d56 -> 
========================================================================
Received Prepare
Registering precompiled user dll's ...
Registered in 0.004553 seconds.
Begin MonoManager ReloadAssembly
Native extension for WindowsStandalone target not found
Refreshing native plugins compatible for Editor in 0.59 ms, found 3 plugins.
Preloading 0 native plugins for Editor in 0.00 ms.
Mono: successfully reloaded assembly
- Completed reload, in  1.496 seconds
Domain Reload Profiling:
	ReloadAssembly (1496ms)
		BeginReloadAssembly (162ms)
			ExecutionOrderSort (0ms)
			DisableScriptedObjects (9ms)
			BackupInstance (0ms)
			ReleaseScriptingObjects (0ms)
			CreateAndSetChildDomain (57ms)
		EndReloadAssembly (1247ms)
			LoadAssemblies (140ms)
			RebuildTransferFunctionScriptingTraits (0ms)
			SetupTypeCache (455ms)
			ReleaseScriptCaches (1ms)
			RebuildScriptCaches (60ms)
			SetupLoadedEditorAssemblies (441ms)
				LogAssemblyErrors (0ms)
				InitializePlatformSupportModulesInManaged (7ms)
				SetLoadedEditorAssemblies (2ms)
				RefreshPlugins (1ms)
				BeforeProcessingInitializeOnLoad (123ms)
				ProcessInitializeOnLoadAttributes (291ms)
				ProcessInitializeOnLoadMethodAttributes (9ms)
				AfterProcessingInitializeOnLoad (9ms)
				EditorAssembliesLoaded (0ms)
			ExecutionOrderSort2 (0ms)
			AwakeInstancesAfterBackupRestoration (14ms)
Platform modules already initialized, skipping
Refreshing native plugins compatible for Editor in 1.02 ms, found 3 plugins.
Preloading 0 native plugins for Editor in 0.00 ms.
Unloading 2088 Unused Serialized files (Serialized files now loaded: 0)
System memory in use before: 96.8 MB.
System memory in use after: 97.0 MB.

Unloading 14 unused Assets to reduce memory usage. Loaded Objects now: 2560.
Total: 4.835000 ms (FindLiveObjects: 0.206300 ms CreateObjectMapping: 0.069100 ms MarkObjects: 4.507300 ms  DeleteObjects: 0.050800 ms)

AssetImportParameters requested are different than current active one (requested -> active):
  custom:framework-win-MediaFoundation: 216162199b28c13a410421893ffa2e32 -> 
  custom:video-decoder-ogg-theora: a1e56fd34408186e4bbccfd4996cb3dc -> 
  custom:container-muxer-webm: aa71ff27fc2769a1b78a27578f13a17b -> 
  custom:container-demuxer-webm: 4f35f7cbe854078d1ac9338744f61a02 -> 
  custom:container-demuxer-ogg: 62fdf1f143b41e24485cea50d1cbac27 -> 
  custom:video-encoder-webm-vp8: eb34c28f22e8b96e1ab97ce403110664 -> 
  custom:video-codec-MediaFoundation-h265: 746d11721c4dcdbdad8f713fa42b33f4 -> 
  custom:video-decoder-webm-vp8: 9c59270c3fd7afecdb556c50c9e8de78 -> 
  custom:audio-decoder-ogg-vorbis: bf7c407c2cedff20999df2af8eb42d56 -> 
  custom:audio-encoder-webm-vorbis: bf7c407c2cedff20999df2af8eb42d56 -> 
========================================================================
Received Import Request.
  Time since last request: 682.694131 seconds.
  path: Assets/Audio/forest_0.mp3
  artifactKey: Guid(6e094a0cd0e01f84d81acac977d09f2a) Importer(815301076,1909f56bfc062723c751e8b465ee728b)
Start importing Assets/Audio/forest_0.mp3 using Guid(6e094a0cd0e01f84d81acac977d09f2a) Importer(815301076,1909f56bfc062723c751e8b465ee728b)  -> (artifact id: '2496681687f096dae51191f4e638b6fe') in 0.212493 seconds 
  Import took 0.232348 seconds .

========================================================================
Received Import Request.
  Time since last request: 0.000447 seconds.
  path: Assets/Audio/Forest_Ambience.mp3
  artifactKey: Guid(58921024f23330a41a1753878c13aac6) Importer(815301076,1909f56bfc062723c751e8b465ee728b)
Start importing Assets/Audio/Forest_Ambience.mp3 using Guid(58921024f23330a41a1753878c13aac6) Importer(815301076,1909f56bfc062723c751e8b465ee728b)  -> (artifact id: 'f5482f883afdd2389700f537da3ca7a1') in 0.089455 seconds 
  Import took 0.093566 seconds .

========================================================================
Received Import Request.
  Time since last request: 169.961499 seconds.
  path: Assets/Audio/sfx_step_grass_l.flac
  artifactKey: Guid(0f55746a14766294e8c56f11189ecb8a) Importer(815301076,1909f56bfc062723c751e8b465ee728b)
Start importing Assets/Audio/sfx_step_grass_l.flac using Guid(0f55746a14766294e8c56f11189ecb8a) Importer(815301076,1909f56bfc062723c751e8b465ee728b)  -> (artifact id: 'b4438852207a8829e140b3d8962e977b') in 0.081621 seconds 
  Import took 0.112199 seconds .

========================================================================
Received Import Request.
  Time since last request: 0.000462 seconds.
  path: Assets/Audio/sfx_step_grass_r.flac
  artifactKey: Guid(11ac01c074b769448a8744fd91331eea) Importer(815301076,1909f56bfc062723c751e8b465ee728b)
Start importing Assets/Audio/sfx_step_grass_r.flac using Guid(11ac01c074b769448a8744fd91331eea) Importer(815301076,1909f56bfc062723c751e8b465ee728b)  -> (artifact id: '979cc86702b2d59090a10066f05648b6') in 0.065256 seconds 
  Import took 0.090980 seconds .

========================================================================
Received Prepare
Registering precompiled user dll's ...
Registered in 0.003823 seconds.
Begin MonoManager ReloadAssembly
Native extension for WindowsStandalone target not found
Refreshing native plugins compatible for Editor in 0.59 ms, found 3 plugins.
Preloading 0 native plugins for Editor in 0.00 ms.
Mono: successfully reloaded assembly
- Completed reload, in  1.684 seconds
Domain Reload Profiling:
	ReloadAssembly (1684ms)
		BeginReloadAssembly (156ms)
			ExecutionOrderSort (0ms)
			DisableScriptedObjects (9ms)
			BackupInstance (0ms)
			ReleaseScriptingObjects (0ms)
			CreateAndSetChildDomain (58ms)
		EndReloadAssembly (1438ms)
			LoadAssemblies (216ms)
			RebuildTransferFunctionScriptingTraits (0ms)
			SetupTypeCache (476ms)
			ReleaseScriptCaches (1ms)
			RebuildScriptCaches (62ms)
			SetupLoadedEditorAssemblies (514ms)
				LogAssemblyErrors (0ms)
				InitializePlatformSupportModulesInManaged (6ms)
				SetLoadedEditorAssemblies (0ms)
				RefreshPlugins (1ms)
				BeforeProcessingInitializeOnLoad (172ms)
				ProcessInitializeOnLoadAttributes (316ms)
				ProcessInitializeOnLoadMethodAttributes (8ms)
				AfterProcessingInitializeOnLoad (11ms)
				EditorAssembliesLoaded (0ms)
			ExecutionOrderSort2 (0ms)
			AwakeInstancesAfterBackupRestoration (17ms)
Platform modules already initialized, skipping
Refreshing native plugins compatible for Editor in 0.87 ms, found 3 plugins.
Preloading 0 native plugins for Editor in 0.00 ms.
Unloading 2088 Unused Serialized files (Serialized files now loaded: 0)
System memory in use before: 96.9 MB.
System memory in use after: 97.0 MB.

Unloading 14 unused Assets to reduce memory usage. Loaded Objects now: 2564.
Total: 4.113100 ms (FindLiveObjects: 0.256100 ms CreateObjectMapping: 0.113600 ms MarkObjects: 3.716800 ms  DeleteObjects: 0.024300 ms)

AssetImportParameters requested are different than current active one (requested -> active):
  custom:framework-win-MediaFoundation: 216162199b28c13a410421893ffa2e32 -> 
  custom:video-decoder-ogg-theora: a1e56fd34408186e4bbccfd4996cb3dc -> 
  custom:container-muxer-webm: aa71ff27fc2769a1b78a27578f13a17b -> 
  custom:container-demuxer-webm: 4f35f7cbe854078d1ac9338744f61a02 -> 
  custom:container-demuxer-ogg: 62fdf1f143b41e24485cea50d1cbac27 -> 
  custom:video-encoder-webm-vp8: eb34c28f22e8b96e1ab97ce403110664 -> 
  custom:video-codec-MediaFoundation-h265: 746d11721c4dcdbdad8f713fa42b33f4 -> 
  custom:video-decoder-webm-vp8: 9c59270c3fd7afecdb556c50c9e8de78 -> 
  custom:audio-decoder-ogg-vorbis: bf7c407c2cedff20999df2af8eb42d56 -> 
  custom:audio-encoder-webm-vorbis: bf7c407c2cedff20999df2af8eb42d56 -> 
========================================================================
Received Prepare
Registering precompiled user dll's ...
Registered in 0.005008 seconds.
Begin MonoManager ReloadAssembly
Native extension for WindowsStandalone target not found
Refreshing native plugins compatible for Editor in 0.57 ms, found 3 plugins.
Preloading 0 native plugins for Editor in 0.00 ms.
Mono: successfully reloaded assembly
- Completed reload, in  1.493 seconds
Domain Reload Profiling:
	ReloadAssembly (1494ms)
		BeginReloadAssembly (151ms)
			ExecutionOrderSort (0ms)
			DisableScriptedObjects (10ms)
			BackupInstance (0ms)
			ReleaseScriptingObjects (0ms)
			CreateAndSetChildDomain (49ms)
		EndReloadAssembly (1243ms)
			LoadAssemblies (130ms)
			RebuildTransferFunctionScriptingTraits (0ms)
			SetupTypeCache (421ms)
			ReleaseScriptCaches (1ms)
			RebuildScriptCaches (79ms)
			SetupLoadedEditorAssemblies (461ms)
				LogAssemblyErrors (0ms)
				InitializePlatformSupportModulesInManaged (7ms)
				SetLoadedEditorAssemblies (2ms)
				RefreshPlugins (1ms)
				BeforeProcessingInitializeOnLoad (154ms)
				ProcessInitializeOnLoadAttributes (274ms)
				ProcessInitializeOnLoadMethodAttributes (12ms)
				AfterProcessingInitializeOnLoad (11ms)
				EditorAssembliesLoaded (0ms)
			ExecutionOrderSort2 (0ms)
			AwakeInstancesAfterBackupRestoration (20ms)
Platform modules already initialized, skipping
Refreshing native plugins compatible for Editor in 0.64 ms, found 3 plugins.
Preloading 0 native plugins for Editor in 0.00 ms.
Unloading 2088 Unused Serialized files (Serialized files now loaded: 0)
System memory in use before: 96.9 MB.
System memory in use after: 97.0 MB.

Unloading 14 unused Assets to reduce memory usage. Loaded Objects now: 2567.
Total: 6.062000 ms (FindLiveObjects: 0.348400 ms CreateObjectMapping: 0.177200 ms MarkObjects: 5.503200 ms  DeleteObjects: 0.031000 ms)

AssetImportParameters requested are different than current active one (requested -> active):
  custom:framework-win-MediaFoundation: 216162199b28c13a410421893ffa2e32 -> 
  custom:video-decoder-ogg-theora: a1e56fd34408186e4bbccfd4996cb3dc -> 
  custom:container-muxer-webm: aa71ff27fc2769a1b78a27578f13a17b -> 
  custom:container-demuxer-webm: 4f35f7cbe854078d1ac9338744f61a02 -> 
  custom:container-demuxer-ogg: 62fdf1f143b41e24485cea50d1cbac27 -> 
  custom:video-encoder-webm-vp8: eb34c28f22e8b96e1ab97ce403110664 -> 
  custom:video-codec-MediaFoundation-h265: 746d11721c4dcdbdad8f713fa42b33f4 -> 
  custom:video-decoder-webm-vp8: 9c59270c3fd7afecdb556c50c9e8de78 -> 
  custom:audio-decoder-ogg-vorbis: bf7c407c2cedff20999df2af8eb42d56 -> 
  custom:audio-encoder-webm-vorbis: bf7c407c2cedff20999df2af8eb42d56 -> 
========================================================================
Received Prepare
Registering precompiled user dll's ...
Registered in 0.005124 seconds.
Begin MonoManager ReloadAssembly
Native extension for WindowsStandalone target not found
Refreshing native plugins compatible for Editor in 0.79 ms, found 3 plugins.
Preloading 0 native plugins for Editor in 0.00 ms.
Mono: successfully reloaded assembly
- Completed reload, in  1.492 seconds
Domain Reload Profiling:
	ReloadAssembly (1493ms)
		BeginReloadAssembly (158ms)
			ExecutionOrderSort (0ms)
			DisableScriptedObjects (8ms)
			BackupInstance (0ms)
			ReleaseScriptingObjects (0ms)
			CreateAndSetChildDomain (50ms)
		EndReloadAssembly (1237ms)
			LoadAssemblies (139ms)
			RebuildTransferFunctionScriptingTraits (0ms)
			SetupTypeCache (464ms)
			ReleaseScriptCaches (1ms)
			RebuildScriptCaches (66ms)
			SetupLoadedEditorAssemblies (433ms)
				LogAssemblyErrors (0ms)
				InitializePlatformSupportModulesInManaged (7ms)
				SetLoadedEditorAssemblies (2ms)
				RefreshPlugins (1ms)
				BeforeProcessingInitializeOnLoad (133ms)
				ProcessInitializeOnLoadAttributes (274ms)
				ProcessInitializeOnLoadMethodAttributes (7ms)
				AfterProcessingInitializeOnLoad (9ms)
				EditorAssembliesLoaded (0ms)
			ExecutionOrderSort2 (0ms)
			AwakeInstancesAfterBackupRestoration (14ms)
Platform modules already initialized, skipping
Refreshing native plugins compatible for Editor in 0.87 ms, found 3 plugins.
Preloading 0 native plugins for Editor in 0.00 ms.
Unloading 2088 Unused Serialized files (Serialized files now loaded: 0)
System memory in use before: 96.9 MB.
System memory in use after: 97.0 MB.

Unloading 14 unused Assets to reduce memory usage. Loaded Objects now: 2570.
Total: 3.997500 ms (FindLiveObjects: 0.253300 ms CreateObjectMapping: 0.074300 ms MarkObjects: 3.623500 ms  DeleteObjects: 0.045500 ms)

AssetImportParameters requested are different than current active one (requested -> active):
  custom:framework-win-MediaFoundation: 216162199b28c13a410421893ffa2e32 -> 
  custom:video-decoder-ogg-theora: a1e56fd34408186e4bbccfd4996cb3dc -> 
  custom:container-muxer-webm: aa71ff27fc2769a1b78a27578f13a17b -> 
  custom:container-demuxer-webm: 4f35f7cbe854078d1ac9338744f61a02 -> 
  custom:container-demuxer-ogg: 62fdf1f143b41e24485cea50d1cbac27 -> 
  custom:video-encoder-webm-vp8: eb34c28f22e8b96e1ab97ce403110664 -> 
  custom:video-codec-MediaFoundation-h265: 746d11721c4dcdbdad8f713fa42b33f4 -> 
  custom:video-decoder-webm-vp8: 9c59270c3fd7afecdb556c50c9e8de78 -> 
  custom:audio-decoder-ogg-vorbis: bf7c407c2cedff20999df2af8eb42d56 -> 
  custom:audio-encoder-webm-vorbis: bf7c407c2cedff20999df2af8eb42d56 -> 
========================================================================
Received Import Request.
  Time since last request: 708.064100 seconds.
  path: Assets/Audio/1.ogg
  artifactKey: Guid(06743f1543b5f7c4dbbe74f9eb2376c0) Importer(815301076,1909f56bfc062723c751e8b465ee728b)
Start importing Assets/Audio/1.ogg using Guid(06743f1543b5f7c4dbbe74f9eb2376c0) Importer(815301076,1909f56bfc062723c751e8b465ee728b)  -> (artifact id: 'b92d66fe417b4723f9310c5cf78dce73') in 0.199878 seconds 
  Import took 0.221724 seconds .

========================================================================
Received Import Request.
  Time since last request: 0.000510 seconds.
  path: Assets/Audio/10.ogg
  artifactKey: Guid(ee6c31ebf8e65134b9efd60888d63caf) Importer(815301076,1909f56bfc062723c751e8b465ee728b)
Start importing Assets/Audio/10.ogg using Guid(ee6c31ebf8e65134b9efd60888d63caf) Importer(815301076,1909f56bfc062723c751e8b465ee728b)  -> (artifact id: 'f71ff2d4a16f8b0692f17ed4c87222f2') in 0.072882 seconds 
  Import took 0.076646 seconds .

========================================================================
Received Import Request.
  Time since last request: 0.000484 seconds.
  path: Assets/Audio/4.ogg
  artifactKey: Guid(b88e0447f3489714eab47d75148ff62e) Importer(815301076,1909f56bfc062723c751e8b465ee728b)
Start importing Assets/Audio/4.ogg using Guid(b88e0447f3489714eab47d75148ff62e) Importer(815301076,1909f56bfc062723c751e8b465ee728b)  -> (artifact id: 'afc0445c8a2404d4e48bea053af25243') in 0.066759 seconds 
  Import took 0.071584 seconds .

========================================================================
Received Import Request.
  Time since last request: 0.000414 seconds.
  path: Assets/Audio/9.ogg
  artifactKey: Guid(458801199924b8c438dd7c2c9de12ec7) Importer(815301076,1909f56bfc062723c751e8b465ee728b)
Start importing Assets/Audio/9.ogg using Guid(458801199924b8c438dd7c2c9de12ec7) Importer(815301076,1909f56bfc062723c751e8b465ee728b)  -> (artifact id: 'e13c702b909341a88434b9b5a127bc19') in 0.027899 seconds 
  Import took 0.049543 seconds .

========================================================================
Received Import Request.
  Time since last request: 0.000420 seconds.
  path: Assets/Audio/5.ogg
  artifactKey: Guid(3a44af8f31b81d747b7f032036aee233) Importer(815301076,1909f56bfc062723c751e8b465ee728b)
Start importing Assets/Audio/5.ogg using Guid(3a44af8f31b81d747b7f032036aee233) Importer(815301076,1909f56bfc062723c751e8b465ee728b)  -> (artifact id: 'f9766ac8071dd9423cae92ccec021050') in 0.062814 seconds 
  Import took 0.079108 seconds .

========================================================================
Received Import Request.
  Time since last request: 0.000425 seconds.
  path: Assets/Audio/7.ogg
  artifactKey: Guid(6f06f72abd1f93e48bd5b2ca08142784) Importer(815301076,1909f56bfc062723c751e8b465ee728b)
Start importing Assets/Audio/7.ogg using Guid(6f06f72abd1f93e48bd5b2ca08142784) Importer(815301076,1909f56bfc062723c751e8b465ee728b)  -> (artifact id: '4d059687903f19266dd761767c200980') in 0.050205 seconds 
  Import took 0.054427 seconds .

========================================================================
Received Import Request.
  Time since last request: 0.000457 seconds.
  path: Assets/Audio/11.ogg
  artifactKey: Guid(39234c8ccef07e542ac3cefc771fcaca) Importer(815301076,1909f56bfc062723c751e8b465ee728b)
Start importing Assets/Audio/11.ogg using Guid(39234c8ccef07e542ac3cefc771fcaca) Importer(815301076,1909f56bfc062723c751e8b465ee728b)  -> (artifact id: '5b544176445ac3f69e4469c99efc2c18') in 0.072180 seconds 
  Import took 0.100237 seconds .

========================================================================
Received Import Request.
  Time since last request: 0.000456 seconds.
  path: Assets/Audio/2.ogg
  artifactKey: Guid(fb99098620d214444a153140db377b1f) Importer(815301076,1909f56bfc062723c751e8b465ee728b)
Start importing Assets/Audio/2.ogg using Guid(fb99098620d214444a153140db377b1f) Importer(815301076,1909f56bfc062723c751e8b465ee728b)  -> (artifact id: '586d3ef705553cd6375464757fa68e7f') in 0.048530 seconds 
  Import took 0.069399 seconds .

========================================================================
Received Import Request.
  Time since last request: 0.000345 seconds.
  path: Assets/Audio/3.ogg
  artifactKey: Guid(5a1b731cae5ec9c4ca2e5917b573fb14) Importer(815301076,1909f56bfc062723c751e8b465ee728b)
Start importing Assets/Audio/3.ogg using Guid(5a1b731cae5ec9c4ca2e5917b573fb14) Importer(815301076,1909f56bfc062723c751e8b465ee728b)  -> (artifact id: '4cfee0cb83c7530a5a9569487aa79902') in 0.031447 seconds 
  Import took 0.036458 seconds .

========================================================================
Received Import Request.
  Time since last request: 0.000362 seconds.
  path: Assets/Audio/8.ogg
  artifactKey: Guid(26903bcebabf4ec49b653e65018b1343) Importer(815301076,1909f56bfc062723c751e8b465ee728b)
Start importing Assets/Audio/8.ogg using Guid(26903bcebabf4ec49b653e65018b1343) Importer(815301076,1909f56bfc062723c751e8b465ee728b)  -> (artifact id: '18f43c6b4e25a140fd8882aa0e43d04b') in 0.078475 seconds 
  Import took 0.098707 seconds .

========================================================================
Received Import Request.
  Time since last request: 0.000400 seconds.
  path: Assets/Audio/6.ogg
  artifactKey: Guid(a9e3e8c26da5a844b8c0cb70276d2c90) Importer(815301076,1909f56bfc062723c751e8b465ee728b)
Start importing Assets/Audio/6.ogg using Guid(a9e3e8c26da5a844b8c0cb70276d2c90) Importer(815301076,1909f56bfc062723c751e8b465ee728b)  -> (artifact id: '9429e3f1548fb70207627bbfc1c1cba5') in 0.106076 seconds 
  Import took 0.123891 seconds .

========================================================================
Received Import Request.
  Time since last request: 133.459801 seconds.
  path: Assets/Animations/WalkAnimation.anim
  artifactKey: Guid(01aeda2c5cd6c254fb5d3d4e6e536a92) Importer(815301076,1909f56bfc062723c751e8b465ee728b)
Start importing Assets/Animations/WalkAnimation.anim using Guid(01aeda2c5cd6c254fb5d3d4e6e536a92) Importer(815301076,1909f56bfc062723c751e8b465ee728b)  -> (artifact id: '4ef2eea0820290479ed681d8648d11e7') in 5.241523 seconds 
  Import took 5.261392 seconds .

========================================================================
Received Import Request.
  Time since last request: 0.000436 seconds.
  path: Assets/Animations/IdleAnimation.anim
  artifactKey: Guid(4806e93e9bc08e44bab03afdb77b89c0) Importer(815301076,1909f56bfc062723c751e8b465ee728b)
Start importing Assets/Animations/IdleAnimation.anim using Guid(4806e93e9bc08e44bab03afdb77b89c0) Importer(815301076,1909f56bfc062723c751e8b465ee728b)  -> (artifact id: 'e054a6369d50457d2c751625ef4e9a27') in 0.084028 seconds 
  Import took 0.090399 seconds .

========================================================================
Received Prepare
Registering precompiled user dll's ...
Registered in 0.005282 seconds.
Begin MonoManager ReloadAssembly
Native extension for WindowsStandalone target not found
Refreshing native plugins compatible for Editor in 0.58 ms, found 3 plugins.
Preloading 0 native plugins for Editor in 0.00 ms.
Mono: successfully reloaded assembly
- Completed reload, in  1.524 seconds
Domain Reload Profiling:
	ReloadAssembly (1525ms)
		BeginReloadAssembly (165ms)
			ExecutionOrderSort (0ms)
			DisableScriptedObjects (9ms)
			BackupInstance (0ms)
			ReleaseScriptingObjects (0ms)
			CreateAndSetChildDomain (67ms)
		EndReloadAssembly (1273ms)
			LoadAssemblies (120ms)
			RebuildTransferFunctionScriptingTraits (0ms)
			SetupTypeCache (399ms)
			ReleaseScriptCaches (1ms)
			RebuildScriptCaches (67ms)
			SetupLoadedEditorAssemblies (511ms)
				LogAssemblyErrors (0ms)
				InitializePlatformSupportModulesInManaged (7ms)
				SetLoadedEditorAssemblies (1ms)
				RefreshPlugins (1ms)
				BeforeProcessingInitializeOnLoad (150ms)
				ProcessInitializeOnLoadAttributes (328ms)
				ProcessInitializeOnLoadMethodAttributes (12ms)
				AfterProcessingInitializeOnLoad (13ms)
				EditorAssembliesLoaded (0ms)
			ExecutionOrderSort2 (0ms)
			AwakeInstancesAfterBackupRestoration (32ms)
Platform modules already initialized, skipping
Refreshing native plugins compatible for Editor in 0.61 ms, found 3 plugins.
Preloading 0 native plugins for Editor in 0.00 ms.
Unloading 2088 Unused Serialized files (Serialized files now loaded: 0)
System memory in use before: 96.9 MB.
System memory in use after: 97.1 MB.

Unloading 14 unused Assets to reduce memory usage. Loaded Objects now: 2574.
Total: 3.886600 ms (FindLiveObjects: 0.222800 ms CreateObjectMapping: 0.083700 ms MarkObjects: 3.533300 ms  DeleteObjects: 0.045800 ms)

AssetImportParameters requested are different than current active one (requested -> active):
  custom:framework-win-MediaFoundation: 216162199b28c13a410421893ffa2e32 -> 
  custom:video-decoder-ogg-theora: a1e56fd34408186e4bbccfd4996cb3dc -> 
  custom:container-muxer-webm: aa71ff27fc2769a1b78a27578f13a17b -> 
  custom:container-demuxer-webm: 4f35f7cbe854078d1ac9338744f61a02 -> 
  custom:container-demuxer-ogg: 62fdf1f143b41e24485cea50d1cbac27 -> 
  custom:video-encoder-webm-vp8: eb34c28f22e8b96e1ab97ce403110664 -> 
  custom:video-codec-MediaFoundation-h265: 746d11721c4dcdbdad8f713fa42b33f4 -> 
  custom:video-decoder-webm-vp8: 9c59270c3fd7afecdb556c50c9e8de78 -> 
  custom:audio-decoder-ogg-vorbis: bf7c407c2cedff20999df2af8eb42d56 -> 
  custom:audio-encoder-webm-vorbis: bf7c407c2cedff20999df2af8eb42d56 -> 
========================================================================
Received Prepare
Registering precompiled user dll's ...
Registered in 0.004249 seconds.
Begin MonoManager ReloadAssembly
Native extension for WindowsStandalone target not found
Refreshing native plugins compatible for Editor in 0.53 ms, found 3 plugins.
Preloading 0 native plugins for Editor in 0.00 ms.
Mono: successfully reloaded assembly
- Completed reload, in  1.458 seconds
Domain Reload Profiling:
	ReloadAssembly (1459ms)
		BeginReloadAssembly (129ms)
			ExecutionOrderSort (0ms)
			DisableScriptedObjects (9ms)
			BackupInstance (0ms)
			ReleaseScriptingObjects (0ms)
			CreateAndSetChildDomain (41ms)
		EndReloadAssembly (1241ms)
			LoadAssemblies (141ms)
			RebuildTransferFunctionScriptingTraits (0ms)
			SetupTypeCache (431ms)
			ReleaseScriptCaches (1ms)
			RebuildScriptCaches (59ms)
			SetupLoadedEditorAssemblies (422ms)
				LogAssemblyErrors (0ms)
				InitializePlatformSupportModulesInManaged (8ms)
				SetLoadedEditorAssemblies (1ms)
				RefreshPlugins (1ms)
				BeforeProcessingInitializeOnLoad (128ms)
				ProcessInitializeOnLoadAttributes (260ms)
				ProcessInitializeOnLoadMethodAttributes (14ms)
				AfterProcessingInitializeOnLoad (10ms)
				EditorAssembliesLoaded (0ms)
			ExecutionOrderSort2 (0ms)
			AwakeInstancesAfterBackupRestoration (17ms)
Platform modules already initialized, skipping
Refreshing native plugins compatible for Editor in 0.59 ms, found 3 plugins.
Preloading 0 native plugins for Editor in 0.00 ms.
Unloading 2088 Unused Serialized files (Serialized files now loaded: 0)
System memory in use before: 97.0 MB.
System memory in use after: 97.1 MB.

Unloading 14 unused Assets to reduce memory usage. Loaded Objects now: 2577.
Total: 3.851200 ms (FindLiveObjects: 0.227200 ms CreateObjectMapping: 0.070100 ms MarkObjects: 3.508200 ms  DeleteObjects: 0.044500 ms)

AssetImportParameters requested are different than current active one (requested -> active):
  custom:framework-win-MediaFoundation: 216162199b28c13a410421893ffa2e32 -> 
  custom:video-decoder-ogg-theora: a1e56fd34408186e4bbccfd4996cb3dc -> 
  custom:container-muxer-webm: aa71ff27fc2769a1b78a27578f13a17b -> 
  custom:container-demuxer-webm: 4f35f7cbe854078d1ac9338744f61a02 -> 
  custom:container-demuxer-ogg: 62fdf1f143b41e24485cea50d1cbac27 -> 
  custom:video-encoder-webm-vp8: eb34c28f22e8b96e1ab97ce403110664 -> 
  custom:video-codec-MediaFoundation-h265: 746d11721c4dcdbdad8f713fa42b33f4 -> 
  custom:video-decoder-webm-vp8: 9c59270c3fd7afecdb556c50c9e8de78 -> 
  custom:audio-decoder-ogg-vorbis: bf7c407c2cedff20999df2af8eb42d56 -> 
  custom:audio-encoder-webm-vorbis: bf7c407c2cedff20999df2af8eb42d56 -> 
========================================================================
Received Prepare
Registering precompiled user dll's ...
Registered in 0.003667 seconds.
Begin MonoManager ReloadAssembly
Native extension for WindowsStandalone target not found
Refreshing native plugins compatible for Editor in 0.56 ms, found 3 plugins.
Preloading 0 native plugins for Editor in 0.00 ms.
Mono: successfully reloaded assembly
- Completed reload, in  1.445 seconds
Domain Reload Profiling:
	ReloadAssembly (1446ms)
		BeginReloadAssembly (134ms)
			ExecutionOrderSort (0ms)
			DisableScriptedObjects (8ms)
			BackupInstance (0ms)
			ReleaseScriptingObjects (0ms)
			CreateAndSetChildDomain (43ms)
		EndReloadAssembly (1212ms)
			LoadAssemblies (121ms)
			RebuildTransferFunctionScriptingTraits (0ms)
			SetupTypeCache (425ms)
			ReleaseScriptCaches (1ms)
			RebuildScriptCaches (68ms)
			SetupLoadedEditorAssemblies (432ms)
				LogAssemblyErrors (0ms)
				InitializePlatformSupportModulesInManaged (7ms)
				SetLoadedEditorAssemblies (1ms)
				RefreshPlugins (1ms)
				BeforeProcessingInitializeOnLoad (123ms)
				ProcessInitializeOnLoadAttributes (279ms)
				ProcessInitializeOnLoadMethodAttributes (9ms)
				AfterProcessingInitializeOnLoad (12ms)
				EditorAssembliesLoaded (0ms)
			ExecutionOrderSort2 (0ms)
			AwakeInstancesAfterBackupRestoration (18ms)
Platform modules already initialized, skipping
Refreshing native plugins compatible for Editor in 0.88 ms, found 3 plugins.
Preloading 0 native plugins for Editor in 0.00 ms.
Unloading 2088 Unused Serialized files (Serialized files now loaded: 0)
System memory in use before: 97.0 MB.
System memory in use after: 97.1 MB.

Unloading 14 unused Assets to reduce memory usage. Loaded Objects now: 2580.
Total: 3.807900 ms (FindLiveObjects: 0.260600 ms CreateObjectMapping: 0.078900 ms MarkObjects: 3.421900 ms  DeleteObjects: 0.045400 ms)

AssetImportParameters requested are different than current active one (requested -> active):
  custom:framework-win-MediaFoundation: 216162199b28c13a410421893ffa2e32 -> 
  custom:video-decoder-ogg-theora: a1e56fd34408186e4bbccfd4996cb3dc -> 
  custom:container-muxer-webm: aa71ff27fc2769a1b78a27578f13a17b -> 
  custom:container-demuxer-webm: 4f35f7cbe854078d1ac9338744f61a02 -> 
  custom:container-demuxer-ogg: 62fdf1f143b41e24485cea50d1cbac27 -> 
  custom:video-encoder-webm-vp8: eb34c28f22e8b96e1ab97ce403110664 -> 
  custom:video-codec-MediaFoundation-h265: 746d11721c4dcdbdad8f713fa42b33f4 -> 
  custom:video-decoder-webm-vp8: 9c59270c3fd7afecdb556c50c9e8de78 -> 
  custom:audio-decoder-ogg-vorbis: bf7c407c2cedff20999df2af8eb42d56 -> 
  custom:audio-encoder-webm-vorbis: bf7c407c2cedff20999df2af8eb42d56 -> 
